Migrating .snakemake folder to new format...
Migration complete
Building DAG of jobs...
Using shell: /usr/bin/bash
Provided cores: 1 (use --cores to define parallelism)
Rules claiming more threads will be scaled down.
Job stats:
job              count
-------------  -------
all                  1
bcftools_call        1
plot_quals           1
total                3

Select jobs to execute...

[Mon Aug 14 19:52:58 2023]
rule bcftools_call:
    input: data/genome.fa, sorted_reads/A.bam, sorted_reads/B.bam, sorted_reads/A.bam.bai, sorted_reads/B.bam.bai
    output: calls/all.vcf
    jobid: 2
    reason: Missing output files: calls/all.vcf; Updated input files: sorted_reads/A.bam.bai, sorted_reads/A.bam, sorted_reads/B.bam.bai, sorted_reads/B.bam
    resources: tmpdir=/tmp

bcftools mpileup -f data/genome.fa sorted_reads/A.bam sorted_reads/B.bam | bcftools call -mv - > calls/all.vcf
[Mon Aug 14 19:52:59 2023]
Finished job 2.
1 of 3 steps (33%) done
Select jobs to execute...

[Mon Aug 14 19:52:59 2023]
rule plot_quals:
    input: calls/all.vcf
    output: plots/quals.svg
    jobid: 1
    reason: Input files updated by another job: calls/all.vcf
    resources: tmpdir=/tmp

/ceph/project/sahakyanlab/ltamon/mamba_installation/conda/envs/snakemake-tutorial/bin/python3.10 /ceph/project/sahakyanlab/ltamon/snakemake-tutorial/.snakemake/scripts/tmpcyu8c67c.plot-quals.py
[Mon Aug 14 19:53:11 2023]
Finished job 1.
2 of 3 steps (67%) done
Select jobs to execute...

[Mon Aug 14 19:53:11 2023]
localrule all:
    input: plots/quals.svg
    jobid: 0
    reason: Input files updated by another job: plots/quals.svg
    resources: tmpdir=/tmp

[Mon Aug 14 19:53:11 2023]
Finished job 0.
3 of 3 steps (100%) done
Complete log: .snakemake/log/2023-08-14T195253.694054.snakemake.log
